<?xml version="1.0" encoding="UTF-8"?>
<testng-results skipped="0" failed="0" ignored="0" total="1" passed="1">
  <reporter-output>
  </reporter-output>
  <suite name="Default suite" duration-ms="24081" started-at="2019-04-22T19:45:37Z" finished-at="2019-04-22T19:46:01Z">
    <groups>
    </groups>
    <test name="Default test" duration-ms="24081" started-at="2019-04-22T19:45:37Z" finished-at="2019-04-22T19:46:01Z">
      <class name="ValTech_Scripts.ValTech_Exercise3">
        <test-method status="PASS" signature="MainHomeButton()[pri:0, instance:ValTech_Scripts.ValTech_Exercise3@548a9f61]" name="MainHomeButton" duration-ms="23873" started-at="2019-04-22T19:45:37Z" finished-at="2019-04-22T19:46:01Z">
          <reporter-output>
          </reporter-output>
        </test-method> <!-- MainHomeButton -->
      </class> <!-- ValTech_Scripts.ValTech_Exercise3 -->
    </test> <!-- Default test -->
  </suite> <!-- Default suite -->
</testng-results>
